Using pre-set license
Built from '6000.0/staging' branch; Version is '6000.0.36f1 (9fe3b5f71dbb) revision 10478517'; Using compiler version '193933523'; Build Type 'Release'
OS: 'Windows 11  (10.0.26100) 64bit CoreSingleLanguage' Language: 'pt' Physical Memory: 23916 MB
BatchMode: 1, IsHumanControllingUs: 0, StartBugReporterOnCrash: 0, Is64bit: 1, IsPro: 1

COMMAND LINE ARGUMENTS:
C:\Program Files\Unity\Hub\Editor\6000.0.36f1\Editor\Unity.exe
-adb2
-batchMode
-noUpm
-name
AssetImportWorker12
-projectPath
C:/Users/matra/Documents/Semestre_8/PFE/PFE-NTT/NTT_Shopping
-logFile
Logs/AssetImportWorker12.log
-srvPort
56736
-job-worker-count
7
-background-job-worker-count
8
-gc-helper-count
1
Successfully changed project path to: C:/Users/matra/Documents/Semestre_8/PFE/PFE-NTT/NTT_Shopping
C:/Users/matra/Documents/Semestre_8/PFE/PFE-NTT/NTT_Shopping
[UnityMemory] Configuration Parameters - Can be set up in boot.config
    "memorysetup-bucket-allocator-granularity=16"
    "memorysetup-bucket-allocator-bucket-count=8"
    "memorysetup-bucket-allocator-block-size=33554432"
    "memorysetup-bucket-allocator-block-count=8"
    "memorysetup-main-allocator-block-size=16777216"
    "memorysetup-thread-allocator-block-size=16777216"
    "memorysetup-gfx-main-allocator-block-size=16777216"
    "memorysetup-gfx-thread-allocator-block-size=16777216"
    "memorysetup-cache-allocator-block-size=4194304"
    "memorysetup-typetree-allocator-block-size=2097152"
    "memorysetup-profiler-bucket-allocator-granularity=16"
    "memorysetup-profiler-bucket-allocator-bucket-count=8"
    "memorysetup-profiler-bucket-allocator-block-size=33554432"
    "memorysetup-profiler-bucket-allocator-block-count=8"
    "memorysetup-profiler-allocator-block-size=16777216"
    "memorysetup-profiler-editor-allocator-block-size=1048576"
    "memorysetup-temp-allocator-size-main=16777216"
    "memorysetup-job-temp-allocator-block-size=2097152"
    "memorysetup-job-temp-allocator-block-size-background=1048576"
    "memorysetup-job-temp-allocator-reduction-small-platforms=262144"
    "memorysetup-allocator-temp-initial-block-size-main=262144"
    "memorysetup-allocator-temp-initial-block-size-worker=262144"
    "memorysetup-temp-allocator-size-background-worker=32768"
    "memorysetup-temp-allocator-size-job-worker=262144"
    "memorysetup-temp-allocator-size-preload-manager=33554432"
    "memorysetup-temp-allocator-size-nav-mesh-worker=65536"
    "memorysetup-temp-allocator-size-audio-worker=65536"
    "memorysetup-temp-allocator-size-cloud-worker=32768"
    "memorysetup-temp-allocator-size-gi-baking-worker=262144"
    "memorysetup-temp-allocator-size-gi-baking-worker=262144"
    "memorysetup-temp-allocator-size-gi-baking-worker=262144"
    "memorysetup-temp-allocator-size-gi-baking-worker=262144"
    "memorysetup-temp-allocator-size-gi-baking-worker=262144"
    "memorysetup-temp-allocator-size-gfx=262144"
Player connection [11380]  Target information:

Player connection [11380]  * "[IP] 192.168.1.111 [Port] 0 [Flags] 2 [Guid] 2575068140 [EditorId] 2575068140 [Version] 1048832 [Id] WindowsEditor(7,SigMachine) [Debug] 1 [PackageName] WindowsEditor [ProjectName] Editor" 

Player connection [11380] Host joined multi-casting on [225.0.0.222:54997]...
Player connection [11380] Host joined alternative multi-casting on [225.0.0.222:34997]...
JobSystem: Creating JobQueue using job-worker-count value 7
Input System module state changed to: Initialized.
[Physics::Module] Initialized fallback backend.
[Physics::Module] Id: 0xdecafbad
Library Redirect Path: Library/
[Physics::Module] Selected backend.
[Physics::Module] Name: PhysX
[Physics::Module] Id: 0xf2b8ea05
[Physics::Module] SDK Version: 4.1.2
[Physics::Module] Integration Version: 1.0.0
[Physics::Module] Threading Mode: Multi-Threaded
Refreshing native plugins compatible for Editor in 1.84 ms, found 3 plugins.
Preloading 0 native plugins for Editor in 0.00 ms.
Initialize engine version: 6000.0.36f1 (9fe3b5f71dbb)
[Subsystems] Discovering subsystems at path C:/Program Files/Unity/Hub/Editor/6000.0.36f1/Editor/Data/Resources/UnitySubsystems
[Subsystems] Discovering subsystems at path C:/Users/matra/Documents/Semestre_8/PFE/PFE-NTT/NTT_Shopping/Assets
GfxDevice: creating device client; kGfxThreadingModeNonThreaded
Direct3D:
    Version:  Direct3D 11.0 [level 11.1]
    Renderer: NVIDIA GeForce GTX 1650 (ID=0x1f9d)
    Vendor:   NVIDIA
    VRAM:     3962 MB
    Driver:   30.0.15.1274
Initialize mono
Mono path[0] = 'C:/Program Files/Unity/Hub/Editor/6000.0.36f1/Editor/Data/Managed'
Mono path[1] = 'C:/Program Files/Unity/Hub/Editor/6000.0.36f1/Editor/Data/MonoBleedingEdge/lib/mono/unityjit-win32'
Mono config path = 'C:/Program Files/Unity/Hub/Editor/6000.0.36f1/Editor/Data/MonoBleedingEdge/etc'
Using monoOptions --debugger-agent=transport=dt_socket,embedding=1,server=y,suspend=n,address=127.0.0.1:56808
Begin MonoManager ReloadAssembly
Registering precompiled unity dll's ...
Register platform support module: C:/Program Files/Unity/Hub/Editor/6000.0.36f1/Editor/Data/PlaybackEngines/WebGLSupport/UnityEditor.WebGL.Extensions.dll
Register platform support module: C:/Program Files/Unity/Hub/Editor/6000.0.36f1/Editor/Data/PlaybackEngines/WindowsStandaloneSupport/UnityEditor.WindowsStandalone.Extensions.dll
Registered in 0.005170 seconds.
- Loaded All Assemblies, in  0.545 seconds
Native extension for WindowsStandalone target not found
Native extension for WebGL target not found
Mono: successfully reloaded assembly
- Finished resetting the current domain, in  0.379 seconds
Domain Reload Profiling: 921ms
	BeginReloadAssembly (174ms)
		ExecutionOrderSort (0ms)
		DisableScriptedObjects (0ms)
		BackupInstance (0ms)
		ReleaseScriptingObjects (0ms)
		CreateAndSetChildDomain (1ms)
	RebuildCommonClasses (58ms)
	RebuildNativeTypeToScriptingClass (15ms)
	initialDomainReloadingComplete (74ms)
	LoadAllAssembliesAndSetupDomain (219ms)
		LoadAssemblies (169ms)
		RebuildTransferFunctionScriptingTraits (0ms)
		AnalyzeDomain (215ms)
			TypeCache.Refresh (214ms)
				TypeCache.ScanAssembly (200ms)
			BuildScriptInfoCaches (0ms)
			ResolveRequiredComponents (0ms)
	FinalizeReload (380ms)
		ReleaseScriptCaches (0ms)
		RebuildScriptCaches (0ms)
		SetupLoadedEditorAssemblies (328ms)
			LogAssemblyErrors (0ms)
			InitializePlatformSupportModulesInManaged (29ms)
			SetLoadedEditorAssemblies (5ms)
			BeforeProcessingInitializeOnLoad (62ms)
			ProcessInitializeOnLoadAttributes (168ms)
			ProcessInitializeOnLoadMethodAttributes (63ms)
			AfterProcessingInitializeOnLoad (0ms)
			EditorAssembliesLoaded (0ms)
		ExecutionOrderSort2 (0ms)
		AwakeInstancesAfterBackupRestoration (0ms)
========================================================================
Worker process is ready to serve import requests
Import Worker Mode flag is 0x00
Begin MonoManager ReloadAssembly
- Loaded All Assemblies, in  0.804 seconds
Refreshing native plugins compatible for Editor in 1.31 ms, found 3 plugins.
Native extension for WindowsStandalone target not found
Native extension for WebGL target not found
Mono: successfully reloaded assembly
- Finished resetting the current domain, in  0.892 seconds
Domain Reload Profiling: 1692ms
	BeginReloadAssembly (183ms)
		ExecutionOrderSort (0ms)
		DisableScriptedObjects (6ms)
		BackupInstance (0ms)
		ReleaseScriptingObjects (0ms)
		CreateAndSetChildDomain (33ms)
	RebuildCommonClasses (37ms)
	RebuildNativeTypeToScriptingClass (10ms)
	initialDomainReloadingComplete (43ms)
	LoadAllAssembliesAndSetupDomain (527ms)
		LoadAssemblies (371ms)
		RebuildTransferFunctionScriptingTraits (0ms)
		AnalyzeDomain (259ms)
			TypeCache.Refresh (187ms)
				TypeCache.ScanAssembly (169ms)
			BuildScriptInfoCaches (56ms)
			ResolveRequiredComponents (12ms)
	FinalizeReload (892ms)
		ReleaseScriptCaches (0ms)
		RebuildScriptCaches (0ms)
		SetupLoadedEditorAssemblies (697ms)
			LogAssemblyErrors (0ms)
			InitializePlatformSupportModulesInManaged (5ms)
			SetLoadedEditorAssemblies (4ms)
			BeforeProcessingInitializeOnLoad (121ms)
			ProcessInitializeOnLoadAttributes (471ms)
			ProcessInitializeOnLoadMethodAttributes (88ms)
			AfterProcessingInitializeOnLoad (7ms)
			EditorAssembliesLoaded (0ms)
		ExecutionOrderSort2 (0ms)
		AwakeInstancesAfterBackupRestoration (8ms)
Launched and connected shader compiler UnityShaderCompiler.exe after 0.01 seconds
Refreshing native plugins compatible for Editor in 1.92 ms, found 3 plugins.
Preloading 0 native plugins for Editor in 0.00 ms.
Unloading 214 Unused Serialized files (Serialized files now loaded: 0)
Unloading 5934 unused Assets / (6.9 MB). Loaded Objects now: 6639.
Memory consumption went from 161.4 MB to 154.5 MB.
Total: 23.439600 ms (FindLiveObjects: 1.451600 ms CreateObjectMapping: 1.652100 ms MarkObjects: 11.252800 ms  DeleteObjects: 9.080400 ms)

========================================================================
Received Import Request.
  Time since last request: 1682909.840714 seconds.
  path: Assets/Fantasy Skybox FREE/Panoramics/FS013/FS013_Day.png
  artifactKey: Guid(163214a3accfb80488d2e6a27f45b743) Importer(815301076,1909f56bfc062723c751e8b465ee728b)
Start importing Assets/Fantasy Skybox FREE/Panoramics/FS013/FS013_Day.png using Guid(163214a3accfb80488d2e6a27f45b743) Importer(815301076,1909f56bfc062723c751e8b465ee728b) (PreviewImporter) -> (artifact id: '7869295def64ac382c849e5518e6a841') in 0.1384471 seconds
Number of updated asset objects reloaded before import = 0Number of asset objects unloaded after import = 2

========================================================================
Received Import Request.
  Time since last request: 0.000025 seconds.
  path: Assets/Fantasy Skybox FREE/Panoramics/FS013/FS013_Sunrise.png
  artifactKey: Guid(99bb9346a54a1ef45b3d086ccba8cfad) Importer(815301076,1909f56bfc062723c751e8b465ee728b)
Start importing Assets/Fantasy Skybox FREE/Panoramics/FS013/FS013_Sunrise.png using Guid(99bb9346a54a1ef45b3d086ccba8cfad) Importer(815301076,1909f56bfc062723c751e8b465ee728b) (PreviewImporter) -> (artifact id: 'd90952b83e0dac44e25dcef383f41682') in 0.0235289 seconds
Number of updated asset objects reloaded before import = 0Number of asset objects unloaded after import = 2

========================================================================
Received Import Request.
  Time since last request: 0.000039 seconds.
  path: Assets/Fantasy Skybox FREE/Panoramics/FS013/FS013_Snowy.png
  artifactKey: Guid(cd6e32b2b89313e4ba54e7fc07ea31f2) Importer(815301076,1909f56bfc062723c751e8b465ee728b)
Start importing Assets/Fantasy Skybox FREE/Panoramics/FS013/FS013_Snowy.png using Guid(cd6e32b2b89313e4ba54e7fc07ea31f2) Importer(815301076,1909f56bfc062723c751e8b465ee728b) (PreviewImporter) -> (artifact id: 'f9487fc86a6c0d4111cbd3e209aaac61') in 0.0215216 seconds
Number of updated asset objects reloaded before import = 0Number of asset objects unloaded after import = 2

========================================================================
Received Import Request.
  Time since last request: 3.204889 seconds.
  path: Assets/Fantasy Skybox FREE/Panoramics/FS017/FS017_Day.png
  artifactKey: Guid(53129b20db5c19c4a9f4fcd4efd08b96) Importer(815301076,1909f56bfc062723c751e8b465ee728b)
Start importing Assets/Fantasy Skybox FREE/Panoramics/FS017/FS017_Day.png using Guid(53129b20db5c19c4a9f4fcd4efd08b96) Importer(815301076,1909f56bfc062723c751e8b465ee728b) (PreviewImporter) -> (artifact id: '2908382236ea374d711621edd3ed762b') in 0.0408645 seconds
Number of updated asset objects reloaded before import = 0Number of asset objects unloaded after import = 2

========================================================================
Received Import Request.
  Time since last request: 0.000014 seconds.
  path: Assets/Fantasy Skybox FREE/Panoramics/FS017/FS017_Snowy.mat
  artifactKey: Guid(24d76106ebc1bd947a3fed862f899b82) Importer(815301076,1909f56bfc062723c751e8b465ee728b)
Start importing Assets/Fantasy Skybox FREE/Panoramics/FS017/FS017_Snowy.mat using Guid(24d76106ebc1bd947a3fed862f899b82) Importer(815301076,1909f56bfc062723c751e8b465ee728b) (PreviewImporter) -> (artifact id: '5c70d2401753908057600953dee2633e') in 0.4714076 seconds
Number of updated asset objects reloaded before import = 0Number of asset objects unloaded after import = 2

========================================================================
Received Import Request.
  Time since last request: 22.715165 seconds.
  path: Assets/ToonyTinyPeople/TT_demo/animation/female/f_idle_A.FBX
  artifactKey: Guid(103a90a3600679b4697f20cc5792b742) Importer(815301076,1909f56bfc062723c751e8b465ee728b)
Start importing Assets/ToonyTinyPeople/TT_demo/animation/female/f_idle_A.FBX using Guid(103a90a3600679b4697f20cc5792b742) Importer(815301076,1909f56bfc062723c751e8b465ee728b) (PreviewImporter) -> (artifact id: '97075a39df73bb0b9161f225218965a0') in 0.0109153 seconds
Number of updated asset objects reloaded before import = 0Number of asset objects unloaded after import = 47

========================================================================
Received Import Request.
  Time since last request: 0.000025 seconds.
  path: Assets/ToonyTinyPeople/TT_demo/animation/female/f_melee_combat_run.FBX
  artifactKey: Guid(5b7c6009246c70644acfab1158c5529d) Importer(815301076,1909f56bfc062723c751e8b465ee728b)
Start importing Assets/ToonyTinyPeople/TT_demo/animation/female/f_melee_combat_run.FBX using Guid(5b7c6009246c70644acfab1158c5529d) Importer(815301076,1909f56bfc062723c751e8b465ee728b) (PreviewImporter) -> (artifact id: 'd71f34185b6cfee51ed6528f91466473') in 0.0037221 seconds
Number of updated asset objects reloaded before import = 0Number of asset objects unloaded after import = 47

========================================================================
Received Import Request.
  Time since last request: 0.000044 seconds.
  path: Assets/ToonyTinyPeople/TT_demo/animation/female/f_walk.FBX
  artifactKey: Guid(bcc64d51e079b6b4598ee4d3eceb0f6d) Importer(815301076,1909f56bfc062723c751e8b465ee728b)
Start importing Assets/ToonyTinyPeople/TT_demo/animation/female/f_walk.FBX using Guid(bcc64d51e079b6b4598ee4d3eceb0f6d) Importer(815301076,1909f56bfc062723c751e8b465ee728b) (PreviewImporter) -> (artifact id: '3d9fb3099a20bf282e859941564d9235') in 0.0036155 seconds
Number of updated asset objects reloaded before import = 0Number of asset objects unloaded after import = 47

========================================================================
Received Import Request.
  Time since last request: 0.000034 seconds.
  path: Assets/ToonyTinyPeople/TT_demo/animation/male/m_melee_combat_attack_A.FBX
  artifactKey: Guid(5beb6fa42173b3346911af16b235ffc7) Importer(815301076,1909f56bfc062723c751e8b465ee728b)
Start importing Assets/ToonyTinyPeople/TT_demo/animation/male/m_melee_combat_attack_A.FBX using Guid(5beb6fa42173b3346911af16b235ffc7) Importer(815301076,1909f56bfc062723c751e8b465ee728b) (PreviewImporter) -> (artifact id: '5cc8d58b0d423641668da2bc25f495f5') in 0.0035005 seconds
Number of updated asset objects reloaded before import = 0Number of asset objects unloaded after import = 47

========================================================================
Received Import Request.
  Time since last request: 0.000025 seconds.
  path: Assets/ToonyTinyPeople/TT_demo/animation/male/m_pistol_idle_A.FBX
  artifactKey: Guid(fa42887335d725043833d746d15bad21) Importer(815301076,1909f56bfc062723c751e8b465ee728b)
Start importing Assets/ToonyTinyPeople/TT_demo/animation/male/m_pistol_idle_A.FBX using Guid(fa42887335d725043833d746d15bad21) Importer(815301076,1909f56bfc062723c751e8b465ee728b) (PreviewImporter) -> (artifact id: 'acd63d1d612f5257913b18468bc24113') in 0.0034211 seconds
Number of updated asset objects reloaded before import = 0Number of asset objects unloaded after import = 47

========================================================================
Received Import Request.
  Time since last request: 0.000036 seconds.
  path: Assets/ToonyTinyPeople/TT_demo/animation/male/m_pistol_shoot.FBX
  artifactKey: Guid(9e3f937932b2a5649995a592185d9380) Importer(815301076,1909f56bfc062723c751e8b465ee728b)
Start importing Assets/ToonyTinyPeople/TT_demo/animation/male/m_pistol_shoot.FBX using Guid(9e3f937932b2a5649995a592185d9380) Importer(815301076,1909f56bfc062723c751e8b465ee728b) (PreviewImporter) -> (artifact id: '95ae21f2964928f6ed8d1a58c6b4535e') in 0.0034089 seconds
Number of updated asset objects reloaded before import = 0Number of asset objects unloaded after import = 47

========================================================================
Received Import Request.
  Time since last request: 0.000020 seconds.
  path: Assets/ToonyTinyPeople/TT_demo/animation/male/m_walk_rm.FBX
  artifactKey: Guid(81efcc53f5c29ee4cbaf29dc5e138266) Importer(815301076,1909f56bfc062723c751e8b465ee728b)
Start importing Assets/ToonyTinyPeople/TT_demo/animation/male/m_walk_rm.FBX using Guid(81efcc53f5c29ee4cbaf29dc5e138266) Importer(815301076,1909f56bfc062723c751e8b465ee728b) (PreviewImporter) -> (artifact id: 'c9d4668dcf2bde5ba35543ce3692a3e1') in 0.0030292 seconds
Number of updated asset objects reloaded before import = 0Number of asset objects unloaded after import = 47

========================================================================
Received Import Request.
  Time since last request: 0.000025 seconds.
  path: Assets/ToonyTinyPeople/TT_demo/models/TT_demo_male_A.FBX
  artifactKey: Guid(eb062aa776e44954d94c4c2f76ebc148) Importer(815301076,1909f56bfc062723c751e8b465ee728b)
Start importing Assets/ToonyTinyPeople/TT_demo/models/TT_demo_male_A.FBX using Guid(eb062aa776e44954d94c4c2f76ebc148) Importer(815301076,1909f56bfc062723c751e8b465ee728b) (PreviewImporter) -> (artifact id: 'fd5d6d2e88d28f8bf326e282f0bc0d37') in 0.395618 seconds
Number of updated asset objects reloaded before import = 0Number of asset objects unloaded after import = 77

========================================================================
Received Import Request.
  Time since last request: 156.798560 seconds.
  path: Assets/Doors/Models/door.FBX
  artifactKey: Guid(e6742bcf1c6e53248b7eca542e7c70e6) Importer(815301076,1909f56bfc062723c751e8b465ee728b)
Start importing Assets/Doors/Models/door.FBX using Guid(e6742bcf1c6e53248b7eca542e7c70e6) Importer(815301076,1909f56bfc062723c751e8b465ee728b) (PreviewImporter) -> (artifact id: '01b5e90d16089c909dbbc8bfb712198c') in 0.0322907 seconds
Number of updated asset objects reloaded before import = 0Number of asset objects unloaded after import = 8

========================================================================
Received Import Request.
  Time since last request: 0.000026 seconds.
  path: Assets/Doors/Models/door_frame.FBX
  artifactKey: Guid(42da40569412bf6458481d3b103563de) Importer(815301076,1909f56bfc062723c751e8b465ee728b)
Start importing Assets/Doors/Models/door_frame.FBX using Guid(42da40569412bf6458481d3b103563de) Importer(815301076,1909f56bfc062723c751e8b465ee728b) (PreviewImporter) -> (artifact id: 'c007a83f0e85771ff38d1d5dd438b031') in 0.0237056 seconds
Number of updated asset objects reloaded before import = 0Number of asset objects unloaded after import = 8

========================================================================
Received Prepare
Begin MonoManager ReloadAssembly
- Loaded All Assemblies, in  0.688 seconds
Refreshing native plugins compatible for Editor in 1.12 ms, found 3 plugins.
Native extension for WindowsStandalone target not found
Native extension for WebGL target not found
Mono: successfully reloaded assembly
- Finished resetting the current domain, in  0.766 seconds
Domain Reload Profiling: 1453ms
	BeginReloadAssembly (211ms)
		ExecutionOrderSort (0ms)
		DisableScriptedObjects (21ms)
		BackupInstance (0ms)
		ReleaseScriptingObjects (0ms)
		CreateAndSetChildDomain (60ms)
	RebuildCommonClasses (33ms)
	RebuildNativeTypeToScriptingClass (11ms)
	initialDomainReloadingComplete (27ms)
	LoadAllAssembliesAndSetupDomain (404ms)
		LoadAssemblies (326ms)
		RebuildTransferFunctionScriptingTraits (0ms)
		AnalyzeDomain (168ms)
			TypeCache.Refresh (6ms)
				TypeCache.ScanAssembly (0ms)
			BuildScriptInfoCaches (149ms)
			ResolveRequiredComponents (10ms)
	FinalizeReload (766ms)
		ReleaseScriptCaches (0ms)
		RebuildScriptCaches (0ms)
		SetupLoadedEditorAssemblies (571ms)
			LogAssemblyErrors (0ms)
			InitializePlatformSupportModulesInManaged (3ms)
			SetLoadedEditorAssemblies (3ms)
			BeforeProcessingInitializeOnLoad (111ms)
			ProcessInitializeOnLoadAttributes (397ms)
			ProcessInitializeOnLoadMethodAttributes (51ms)
			AfterProcessingInitializeOnLoad (5ms)
			EditorAssembliesLoaded (0ms)
		ExecutionOrderSort2 (0ms)
		AwakeInstancesAfterBackupRestoration (13ms)
Refreshing native plugins compatible for Editor in 2.00 ms, found 3 plugins.
Preloading 0 native plugins for Editor in 0.00 ms.
Unloading 23 Unused Serialized files (Serialized files now loaded: 0)
Unloading 5931 unused Assets / (4.8 MB). Loaded Objects now: 6727.
Memory consumption went from 166.6 MB to 161.8 MB.
Total: 16.254900 ms (FindLiveObjects: 1.270900 ms CreateObjectMapping: 1.414800 ms MarkObjects: 8.972100 ms  DeleteObjects: 4.594600 ms)

Prepare: number of updated asset objects reloaded= 0
========================================================================
Received Import Request.
  Time since last request: 611.467227 seconds.
  path: Assets/Doors
  artifactKey: Guid(2fb5f082f0c5dbf4f8c39a183e7b1a52) Importer(815301076,1909f56bfc062723c751e8b465ee728b)
Start importing Assets/Doors using Guid(2fb5f082f0c5dbf4f8c39a183e7b1a52) Importer(815301076,1909f56bfc062723c751e8b465ee728b) (PreviewImporter) -> (artifact id: 'c3578caab3fe89d148bfff34116d1d66') in 0.0069644 seconds
Number of updated asset objects reloaded before import = 0Number of asset objects unloaded after import = 0

========================================================================
Received Import Request.
  Time since last request: 1.762992 seconds.
  path: Assets/Doors/sample scene.unity
  artifactKey: Guid(39cb167f775154e459d7805891cf8adf) Importer(815301076,1909f56bfc062723c751e8b465ee728b)
Start importing Assets/Doors/sample scene.unity using Guid(39cb167f775154e459d7805891cf8adf) Importer(815301076,1909f56bfc062723c751e8b465ee728b) (PreviewImporter) -> (artifact id: '01e5a1a62d48fa42fa9ac93048809cf9') in 0.000608 seconds
Number of updated asset objects reloaded before import = 0Number of asset objects unloaded after import = 0

========================================================================
Received Import Request.
  Time since last request: 5.234650 seconds.
  path: Assets/Doors/sample sceneSettings.lighting
  artifactKey: Guid(97b0d2820e4bcc44aacddc9027ad7f35) Importer(815301076,1909f56bfc062723c751e8b465ee728b)
Start importing Assets/Doors/sample sceneSettings.lighting using Guid(97b0d2820e4bcc44aacddc9027ad7f35) Importer(815301076,1909f56bfc062723c751e8b465ee728b) (PreviewImporter) -> (artifact id: '22e4bea538d5623417ec74dfa3472055') in 0.0238764 seconds
Number of updated asset objects reloaded before import = 0Number of asset objects unloaded after import = 1

========================================================================
Received Import Request.
  Time since last request: 2.240374 seconds.
  path: Assets/Doors/Textures
  artifactKey: Guid(63712a715f697b84eb138c77652846e2) Importer(815301076,1909f56bfc062723c751e8b465ee728b)
Start importing Assets/Doors/Textures using Guid(63712a715f697b84eb138c77652846e2) Importer(815301076,1909f56bfc062723c751e8b465ee728b) (PreviewImporter) -> (artifact id: '4c98c5fdfedeb1a3236358afe550423e') in 0.0009112 seconds
Number of updated asset objects reloaded before import = 0Number of asset objects unloaded after import = 0

========================================================================
Received Import Request.
  Time since last request: 0.044734 seconds.
  path: Assets/Doors/Textures/door_d.png
  artifactKey: Guid(751debb198643084f8fb0f5c41164274) Importer(815301076,1909f56bfc062723c751e8b465ee728b)
Start importing Assets/Doors/Textures/door_d.png using Guid(751debb198643084f8fb0f5c41164274) Importer(815301076,1909f56bfc062723c751e8b465ee728b) (PreviewImporter) -> (artifact id: '30837a37bef80bbdde341cf6f8c5920b') in 0.0633372 seconds
Number of updated asset objects reloaded before import = 0Number of asset objects unloaded after import = 2

========================================================================
Received Import Request.
  Time since last request: 2.458407 seconds.
  path: Assets/Doors/Prefabs
  artifactKey: Guid(562a3ea611909db4b8716cc34ff7fab7) Importer(815301076,1909f56bfc062723c751e8b465ee728b)
Start importing Assets/Doors/Prefabs using Guid(562a3ea611909db4b8716cc34ff7fab7) Importer(815301076,1909f56bfc062723c751e8b465ee728b) (PreviewImporter) -> (artifact id: '03860bae2f853933dda508898a3a6f7c') in 0.0006604 seconds
Number of updated asset objects reloaded before import = 0Number of asset objects unloaded after import = 0

========================================================================
Received Import Request.
  Time since last request: 2.159472 seconds.
  path: Assets/Doors/Models
  artifactKey: Guid(03ef298556e070341b5240c080b3899f) Importer(815301076,1909f56bfc062723c751e8b465ee728b)
Start importing Assets/Doors/Models using Guid(03ef298556e070341b5240c080b3899f) Importer(815301076,1909f56bfc062723c751e8b465ee728b) (PreviewImporter) -> (artifact id: 'd23869d476f81e13af9e5534102232b4') in 0.0006751 seconds
Number of updated asset objects reloaded before import = 0Number of asset objects unloaded after import = 0

========================================================================
Received Import Request.
  Time since last request: 2.220980 seconds.
  path: Assets/Doors/Materials
  artifactKey: Guid(aeac740fa304f4546acd41668cf53e23) Importer(815301076,1909f56bfc062723c751e8b465ee728b)
Start importing Assets/Doors/Materials using Guid(aeac740fa304f4546acd41668cf53e23) Importer(815301076,1909f56bfc062723c751e8b465ee728b) (PreviewImporter) -> (artifact id: 'a6059eaacaf1d662236638f0e73aea57') in 0.0007917 seconds
Number of updated asset objects reloaded before import = 0Number of asset objects unloaded after import = 0

========================================================================
Received Import Request.
  Time since last request: 0.051244 seconds.
  path: Assets/Doors/Materials/door.mat
  artifactKey: Guid(4fd966256f003ef4caedd3192cb1a440) Importer(815301076,1909f56bfc062723c751e8b465ee728b)
Start importing Assets/Doors/Materials/door.mat using Guid(4fd966256f003ef4caedd3192cb1a440) Importer(815301076,1909f56bfc062723c751e8b465ee728b) (PreviewImporter) -> (artifact id: 'af2de8a1554d3b04f465f2ba776f7bbb') in 0.432008 seconds
Number of updated asset objects reloaded before import = 0Number of asset objects unloaded after import = 2

========================================================================
Received Import Request.
  Time since last request: 485.119671 seconds.
  path: Assets/Violet Theme Ui/Buttons/Buttons.afdesign
  artifactKey: Guid(b71d503ec40200747b7b9cbe550f7c6d) Importer(815301076,1909f56bfc062723c751e8b465ee728b)
Start importing Assets/Violet Theme Ui/Buttons/Buttons.afdesign using Guid(b71d503ec40200747b7b9cbe550f7c6d) Importer(815301076,1909f56bfc062723c751e8b465ee728b) (PreviewImporter) -> (artifact id: '577da2f506592b37f853244928707215') in 0.0014242 seconds
Number of updated asset objects reloaded before import = 0Number of asset objects unloaded after import = 1

========================================================================
Received Import Request.
  Time since last request: 4.993776 seconds.
  path: Assets/Violet Theme Ui/Buttons/Misc
  artifactKey: Guid(426b3985b700cae4e9a12ac6fb00ffd3) Importer(815301076,1909f56bfc062723c751e8b465ee728b)
Start importing Assets/Violet Theme Ui/Buttons/Misc using Guid(426b3985b700cae4e9a12ac6fb00ffd3) Importer(815301076,1909f56bfc062723c751e8b465ee728b) (PreviewImporter) -> (artifact id: 'fac0caf569088e0ec146a79ddf332e56') in 0.0006038 seconds
Number of updated asset objects reloaded before import = 0Number of asset objects unloaded after import = 0

========================================================================
Received Import Request.
  Time since last request: 7.589252 seconds.
  path: Assets/Violet Theme Ui/Panels
  artifactKey: Guid(f80ae926262792041867b286a3417cf3) Importer(815301076,1909f56bfc062723c751e8b465ee728b)
Start importing Assets/Violet Theme Ui/Panels using Guid(f80ae926262792041867b286a3417cf3) Importer(815301076,1909f56bfc062723c751e8b465ee728b) (PreviewImporter) -> (artifact id: 'a87aab0883a3d1b9d3a89649a58d23f7') in 0.0005702 seconds
Number of updated asset objects reloaded before import = 0Number of asset objects unloaded after import = 0

